[LOG] System::create                           : Header version = 2.01.07. Current version = 2.01.07.
[LOG] Manager::init                            : maxchannels = 256 studioflags = 00000006 flags 00000000 extradriverdata 0000000000000000.
[LOG] SystemI::init                            : Initialize version=20107 (113487), maxchannels=256, flags=0x00020000
[LOG] SystemI::setOutputInternal               : Setting output to 'FMOD WASAPI Output'
[LOG] OutputWASAPI::init                       : Mix Format (WAVEFORMATEX): wFormatTag=0xFFFE, nChannels=2, nSamplesPerSec=48000, nAvgBytesPerSec=384000, nBlockAlign=8, wBitsPerSample=32, cbSize=22.
[LOG] OutputWASAPI::init                       : Mix Format (WAVEFORMATEXTENSIBLE): wValidBitsPerSample=32, dwChannelMask=0x00000003, SubFormat=00000003-0000-0010-8000-00AA00389B71.
[LOG] OutputWASAPI::init                       : Output buffer size: 4096 samples, latency: 0.00ms, period: 10.00ms, DSP buffer: 1024 * 4
[LOG] Thread::initThread                       : Init FMOD stream thread. Affinity: 0x8000000000000003, Priority: 0xFFFF7FFB, Stack Size: 98304, Semaphore: No, Sleep Time: 10, Looping: Yes.
[LOG] Thread::initThread                       : Init FMOD mixer thread. Affinity: 0x8000000000000001, Priority: 0xFFFF7FFA, Stack Size: 81920, Semaphore: No, Sleep Time: 0, Looping: Yes.
[LOG] AsyncManager::init                       : manager 0000026C6D780EA8 isAsync 0 updatePeriod 0.02
[LOG] AsyncManager::init                       : done
[LOG] PlaybackSystem::init                     : 
[LOG] Thread::initThread                       : Init FMOD Studio sample load thread. Affinity: 0x8000000000000003, Priority: 0xFFFF7FFD, Stack Size: 98304, Semaphore: No, Sleep Time: 1, Looping: No.
[LOG] PlaybackSystem::init                     : done
[LOG] Thread::initThread                       : Init FMOD Studio bank load thread. Affinity: 0x8000000000000003, Priority: 0xFFFF7FFD, Stack Size: 98304, Semaphore: No, Sleep Time: 1, Looping: No.
[LOG] Manager::init                            : done.
[LOG] Manager::readBank                        : fileversion = 135, compatVersion = 132 (oldest = 44, newest = 135)
[LOG] SystemI::createSoundInternal             : Create name='', mode=0x02000202
[LOG] SystemI::createSoundInternal             : exinfo->cbsize             = 224
[LOG] SystemI::createSoundInternal             : exinfo->length             = 9862720
[LOG] SystemI::createSoundInternal             : exinfo->fileoffset         = 35392
[LOG] SystemI::createSoundInternal             : exinfo->numsubsounds       = 1
[LOG] SystemI::createSoundInternal             : exinfo->inclusionlist      = 000000F7E2EFF448
[LOG] SystemI::createSoundInternal             : exinfo->inclusionlistnum   = 1
[LOG] SystemI::createSoundInternal             : exinfo->suggestedsoundtype = 5
[LOG] SystemI::createSoundInternal             : exinfo->useropen           = 00007FFC84C77B10
[LOG] SystemI::createSoundInternal             : exinfo->userclose          = 00007FFC84C77AE0
[LOG] SystemI::createSoundInternal             : exinfo->userread           = 00007FFC84C77BE0
[LOG] SystemI::createSoundInternal             : exinfo->userseek           = 00007FFC84C77CA0
[LOG] SystemI::createSoundInternal             : exinfo->fileuserdata       = 0000026CBCD8AD58
[LOG] SystemI::createSoundInternal             : exinfo->initialseekpostype = 1
[LOG] SystemI::DSPCodecPoolRegister            : register codec pool for pool type 5
[LOG] SystemI::createSoundInternal             : Sample 0/1: name='smartsound_IMPACT_BODY_FALL_Generic_Mid_Tumble_01', format=5, channels=2, frequency=48000, lengthbytes=22144, lengthpcm=183168, pcmblocksize=0, loopstart=0, loopend=0, mode=0x00000000, channelmask=0x00000000, channelorder=0, peakvolume=0.999969.
[LOG] SystemI::createSoundInternal             : Create name='', mode=0x02000202
[LOG] SystemI::createSoundInternal             : exinfo->cbsize             = 224
[LOG] SystemI::createSoundInternal             : exinfo->length             = 9862720
[LOG] SystemI::createSoundInternal             : exinfo->fileoffset         = 35392
[LOG] SystemI::createSoundInternal             : exinfo->numsubsounds       = 1
[LOG] SystemI::createSoundInternal             : exinfo->inclusionlist      = 000000F7E2EFF448
[LOG] SystemI::createSoundInternal             : exinfo->inclusionlistnum   = 1
[LOG] SystemI::createSoundInternal             : exinfo->suggestedsoundtype = 5
[LOG] SystemI::createSoundInternal             : exinfo->useropen           = 00007FFC84C77B10
[LOG] SystemI::createSoundInternal             : exinfo->userclose          = 00007FFC84C77AE0
[LOG] SystemI::createSoundInternal             : exinfo->userread           = 00007FFC84C77BE0
[LOG] SystemI::createSoundInternal             : exinfo->userseek           = 00007FFC84C77CA0
[LOG] SystemI::createSoundInternal             : exinfo->fileuserdata       = 0000026CBCD877B8
[LOG] SystemI::createSoundInternal             : exinfo->initialseekpostype = 1
[LOG] SystemI::DSPCodecPoolRegister            : register codec pool for pool type 5
[LOG] SystemI::createSoundInternal             : Sample 0/1: name='BreezeActivation_SFX', format=5, channels=2, frequency=48000, lengthbytes=13120, lengthpcm=50155, pcmblocksize=0, loopstart=0, loopend=0, mode=0x00000000, channelmask=0x00000000, channelorder=0, peakvolume=0.125427.
[LOG] SystemI::createSoundInternal             : Create name='', mode=0x02000202
[LOG] SystemI::createSoundInternal             : exinfo->cbsize             = 224
[LOG] SystemI::createSoundInternal             : exinfo->length             = 9862720
[LOG] SystemI::createSoundInternal             : exinfo->fileoffset         = 35392
[LOG] SystemI::createSoundInternal             : exinfo->numsubsounds       = 1
[LOG] SystemI::createSoundInternal             : exinfo->inclusionlist      = 000000F7E2EFF448
[LOG] SystemI::createSoundInternal             : exinfo->inclusionlistnum   = 1
[LOG] SystemI::createSoundInternal             : exinfo->suggestedsoundtype = 5
[LOG] SystemI::createSoundInternal             : exinfo->useropen           = 00007FFC84C77B10
[LOG] SystemI::createSoundInternal             : exinfo->userclose          = 00007FFC84C77AE0
[LOG] SystemI::createSoundInternal             : exinfo->userread           = 00007FFC84C77BE0
[LOG] SystemI::createSoundInternal             : exinfo->userseek           = 00007FFC84C77CA0
[LOG] SystemI::createSoundInternal             : exinfo->fileuserdata       = 0000026CBCD85088
[LOG] SystemI::createSoundInternal             : exinfo->initialseekpostype = 1
[LOG] SystemI::DSPCodecPoolRegister            : register codec pool for pool type 5
[LOG] SystemI::createSoundInternal             : Sample 0/1: name='Random_Item_Grab_02', format=5, channels=2, frequency=48000, lengthbytes=2720, lengthpcm=25417, pcmblocksize=0, loopstart=0, loopend=0, mode=0x00000000, channelmask=0x00000000, channelorder=0, peakvolume=0.562225.
[LOG] SystemI::createSoundInternal             : Create name='', mode=0x02000202
[LOG] SystemI::createSoundInternal             : exinfo->cbsize             = 224
[LOG] SystemI::createSoundInternal             : exinfo->length             = 9862720
[LOG] SystemI::createSoundInternal             : exinfo->fileoffset         = 35392
[LOG] SystemI::createSoundInternal             : exinfo->numsubsounds       = 1
[LOG] SystemI::createSoundInternal             : exinfo->inclusionlist      = 000000F7E2EFF448
[LOG] SystemI::createSoundInternal             : exinfo->inclusionlistnum   = 1
[LOG] SystemI::createSoundInternal             : exinfo->suggestedsoundtype = 5
[LOG] SystemI::createSoundInternal             : exinfo->useropen           = 00007FFC84C77B10
[LOG] SystemI::createSoundInternal             : exinfo->userclose          = 00007FFC84C77AE0
[LOG] SystemI::createSoundInternal             : exinfo->userread           = 00007FFC84C77BE0
[LOG] SystemI::createSoundInternal             : exinfo->userseek           = 00007FFC84C77CA0
[LOG] SystemI::createSoundInternal             : exinfo->fileuserdata       = 0000026CBCD85088
[LOG] SystemI::createSoundInternal             : exinfo->initialseekpostype = 1
[LOG] SystemI::DSPCodecPoolRegister            : register codec pool for pool type 5
[LOG] SystemI::createSoundInternal             : Sample 0/1: name='467560__ryusa__mouseover', format=5, channels=1, frequency=48000, lengthbytes=960, lengthpcm=4424, pcmblocksize=0, loopstart=0, loopend=0, mode=0x00000000, channelmask=0x00000000, channelorder=0, peakvolume=0.209106.
[LOG] SystemI::createSoundInternal             : Create name='', mode=0x02000202
[LOG] SystemI::createSoundInternal             : exinfo->cbsize             = 224
[LOG] SystemI::createSoundInternal             : exinfo->length             = 9862720
[LOG] SystemI::createSoundInternal             : exinfo->fileoffset         = 35392
[LOG] SystemI::createSoundInternal             : exinfo->numsubsounds       = 1
[LOG] SystemI::createSoundInternal             : exinfo->inclusionlist      = 000000F7E2EFF448
[LOG] SystemI::createSoundInternal             : exinfo->inclusionlistnum   = 1
[LOG] SystemI::createSoundInternal             : exinfo->suggestedsoundtype = 5
[LOG] SystemI::createSoundInternal             : exinfo->useropen           = 00007FFC84C77B10
[LOG] SystemI::createSoundInternal             : exinfo->userclose          = 00007FFC84C77AE0
[LOG] SystemI::createSoundInternal             : exinfo->userread           = 00007FFC84C77BE0
[LOG] SystemI::createSoundInternal             : exinfo->userseek           = 00007FFC84C77CA0
[LOG] SystemI::createSoundInternal             : exinfo->fileuserdata       = 0000026CBCD8C1F8
[LOG] SystemI::createSoundInternal             : exinfo->initialseekpostype = 1
[LOG] SystemI::DSPCodecPoolRegister            : register codec pool for pool type 5
[LOG] SystemI::createSoundInternal             : Sample 0/1: name='WIND MAGIC SPELL - Air Throw and Smoke Hit Sequence    [003801]', format=5, channels=2, frequency=48000, lengthbytes=61280, lengthpcm=260806, pcmblocksize=0, loopstart=0, loopend=0, mode=0x00000000, channelmask=0x00000000, channelorder=0, peakvolume=0.987488.
[LOG] SystemI::createSoundInternal             : Create name='', mode=0x02000202
[LOG] SystemI::createSoundInternal             : exinfo->cbsize             = 224
[LOG] SystemI::createSoundInternal             : exinfo->length             = 9862720
[LOG] SystemI::createSoundInternal             : exinfo->fileoffset         = 35392
[LOG] SystemI::createSoundInternal             : exinfo->numsubsounds       = 1
[LOG] SystemI::createSoundInternal             : exinfo->inclusionlist      = 000000F7E2EFF448
[LOG] SystemI::createSoundInternal             : exinfo->inclusionlistnum   = 1
[LOG] SystemI::createSoundInternal             : exinfo->suggestedsoundtype = 5
[LOG] SystemI::createSoundInternal             : exinfo->useropen           = 00007FFC84C77B10
[LOG] SystemI::createSoundInternal             : exinfo->userclose          = 00007FFC84C77AE0
[LOG] SystemI::createSoundInternal             : exinfo->userread           = 00007FFC84C77BE0
[LOG] SystemI::createSoundInternal             : exinfo->userseek           = 00007FFC84C77CA0
[LOG] SystemI::createSoundInternal             : exinfo->fileuserdata       = 0000026CBCD8C1F8
[LOG] SystemI::createSoundInternal             : exinfo->initialseekpostype = 1
[LOG] SystemI::DSPCodecPoolRegister            : register codec pool for pool type 5
[LOG] SystemI::createSoundInternal             : Sample 0/1: name='ftus_industrial_lever_metal_pull_old_rusty_002_677', format=5, channels=2, frequency=48000, lengthbytes=25440, lengthpcm=96768, pcmblocksize=0, loopstart=0, loopend=0, mode=0x00000000, channelmask=0x00000000, channelorder=0, peakvolume=0.707458.
[LOG] SystemI::createSoundInternal             : Create name='', mode=0x02000202
[LOG] SystemI::createSoundInternal             : exinfo->cbsize             = 224
[LOG] SystemI::createSoundInternal             : exinfo->length             = 9862720
[LOG] SystemI::createSoundInternal             : exinfo->fileoffset         = 35392
[LOG] SystemI::createSoundInternal             : exinfo->numsubsounds       = 1
[LOG] SystemI::createSoundInternal             : exinfo->inclusionlist      = 000000F7E2EFF448
[LOG] SystemI::createSoundInternal             : exinfo->inclusionlistnum   = 1
[LOG] SystemI::createSoundInternal             : exinfo->suggestedsoundtype = 5
[LOG] SystemI::createSoundInternal             : exinfo->useropen           = 00007FFC84C77B10
[LOG] SystemI::createSoundInternal             : exinfo->userclose          = 00007FFC84C77AE0
[LOG] SystemI::createSoundInternal             : exinfo->userread           = 00007FFC84C77BE0
[LOG] SystemI::createSoundInternal             : exinfo->userseek           = 00007FFC84C77CA0
[LOG] SystemI::createSoundInternal             : exinfo->fileuserdata       = 0000026CBCD8C1F8
[LOG] SystemI::createSoundInternal             : exinfo->initialseekpostype = 1
[LOG] SystemI::DSPCodecPoolRegister            : register codec pool for pool type 5
[LOG] SystemI::createSoundInternal             : Sample 0/1: name='Gentle Magic Spell Movement Transition with Metallic Sparkle 02    [003678]', format=5, channels=2, frequency=48000, lengthbytes=50976, lengthpcm=195604, pcmblocksize=0, loopstart=0, loopend=0, mode=0x00000000, channelmask=0x00000000, channelorder=0, peakvolume=0.996613.
[LOG] SoundI::release                          : justin_macleod_Drone+pleasant+muted+major+chord+with+high+sheen+ (0000026CA03F6C78)
[LOG] SoundI::release                          :     justin_macleod_Drone+pleasant+muted+major+chord+with+high+sheen+ (0000026CBB134D88)
[LOG] SoundI::release                          :     justin_macleod_Drone+pleasant+muted+major+chord+with+high+sheen+ (0000026B8C443D98)
[LOG] Manager::readBank                        : fileversion = 135, compatVersion = 132 (oldest = 44, newest = 135)
[LOG] SystemI::createSound                     : filename = Assets/StreamingAssets/Desktop/MasterFixed.bank : mode 02010082
[LOG] SystemI::createSound                     : FMOD_NONBLOCKING specified.  Putting into queue to be opened asynchronously!
[LOG] SystemI::createSound                     : setdata soundi = 0000026C6D0344D8 : node = 0000026B8D0782B0
[LOG] SystemI::createSound                     : add node to async list : head = 0000026B8BA95E78.  list count = 0
[LOG] AsyncThread::threadFunc                  : Starting Asynchronous operation on sound 0000026C6D0344D8
[LOG] SystemI::createSoundInternal             :     Create name='Assets/StreamingAssets/Desktop/MasterFixed.bank', mode=0x02010082
[LOG] SystemI::createSoundInternal             :     exinfo->cbsize             = 224
[LOG] SystemI::createSoundInternal             :     exinfo->length             = 9862720
[LOG] SystemI::createSoundInternal             :     exinfo->fileoffset         = 35392
[LOG] SystemI::createSoundInternal             :     exinfo->numsubsounds       = 1
[LOG] SystemI::createSoundInternal             :     exinfo->inclusionlist      = 0000026B8D0783C0
[LOG] SystemI::createSoundInternal             :     exinfo->inclusionlistnum   = 1
[LOG] SystemI::createSoundInternal             :     exinfo->suggestedsoundtype = 5
[LOG] SystemI::createSoundInternal             :     exinfo->initialseekpostype = 1
[LOG] SystemI::createSoundInternal             : Create name='', mode=0x02000202
[LOG] SystemI::createSoundInternal             :     exinfo->cbsize             = 224
[LOG] SystemI::createSoundInternal             :     exinfo->length             = 9862720
[LOG] SystemI::createSoundInternal             :     exinfo->fileoffset         = 35392
[LOG] SystemI::createSoundInternal             :     exinfo->numsubsounds       = 1
[LOG] SystemI::createSoundInternal             :     exinfo->inclusionlist      = 000000F7E2EFF448
[LOG] SystemI::createSoundInternal             :     exinfo->inclusionlistnum   = 1
[LOG] SystemI::createSoundInternal             :     exinfo->suggestedsoundtype = 5
[LOG] SystemI::createSoundInternal             :     exinfo->useropen           = 00007FFC84C77B10
[LOG] SystemI::createSoundInternal             :     exinfo->userclose          = 00007FFC84C77AE0
[LOG] SystemI::createSoundInternal             :     exinfo->userread           = 00007FFC84C77BE0
[LOG] SystemI::createSoundInternal             :     exinfo->userseek           = 00007FFC84C77CA0
[LOG] SystemI::createSoundInternal             :     exinfo->fileuserdata       = 0000026CBCD8CA38
[LOG] SystemI::createSoundInternal             :     exinfo->initialseekpostype = 1
[LOG] SystemI::DSPCodecPoolRegister            :     register codec pool for pool type 5
[LOG] SystemI::createSoundInternal             :     Stream 0/1: name='84111__benboncan__wind-on-door-short', format=5, channels=2, frequency=48000, lengthbytes=2470208, lengthpcm=9193760, pcmblocksize=0, loopstart=0, loopend=0, mode=0x00000000, channelmask=0x00000000, channelorder=0, peakvolume=0.707947.
[LOG] SystemI::createSoundInternal             :     Sample 0/1: name='HUGE AIR CLOUD WHOOSH - Magic Spell Dark Hot Smoke Throw    [003706]', format=5, channels=2, frequency=48000, lengthbytes=67456, lengthpcm=290899, pcmblocksize=0, loopstart=0, loopend=0, mode=0x00000000, channelmask=0x00000000, channelorder=0, peakvolume=0.948730.
[LOG] AsyncThread::threadFunc                  : Finished Asynchronous operation on sound 0000026C6D0344D8
[LOG] AsyncThread::threadFunc                  : Starting Asynchronous operation on sound 0000026C6D034688
[LOG] AsyncThread::threadFunc                  : Finished Asynchronous operation on sound 0000026C6D034688
[LOG] Manager::readBank                        : fileversion = 135, compatVersion = 132 (oldest = 44, newest = 135)
[LOG] SystemI::createSound                     : filename = Assets/StreamingAssets/Desktop/MasterFixed.bank : mode 02010082
[LOG] SystemI::createSound                     : FMOD_NONBLOCKING specified.  Putting into queue to be opened asynchronously!
[LOG] SystemI::createSound                     : setdata soundi = 0000026CB32BC268 : node = 0000026B8D079430
[LOG] SystemI::createSound                     : add node to async list : head = 0000026B8BA95E78.  list count = 0
[LOG] AsyncThread::threadFunc                  : Starting Asynchronous operation on sound 0000026CB32BC268
[LOG] SystemI::createSoundInternal             :     Create name='Assets/StreamingAssets/Desktop/MasterFixed.bank', mode=0x02010082
[LOG] SystemI::createSoundInternal             :     exinfo->cbsize             = 224
[LOG] SystemI::createSoundInternal             :     exinfo->length             = 9862720
[LOG] SystemI::createSoundInternal             :     exinfo->fileoffset         = 35392
[LOG] SystemI::createSoundInternal             :     exinfo->numsubsounds       = 1
[LOG] SystemI::createSoundInternal             :     exinfo->inclusionlist      = 0000026B8D079540
[LOG] SystemI::createSoundInternal             :     exinfo->inclusionlistnum   = 1
[LOG] SystemI::createSoundInternal             :     exinfo->suggestedsoundtype = 5
[LOG] SystemI::createSoundInternal             :     exinfo->initialseekposition = 3000
[LOG] SystemI::createSoundInternal             :     exinfo->initialseekpostype = 1
[LOG] SystemI::createSoundInternal             :     Stream 0/1: name='84111__benboncan__wind-on-door-short', format=5, channels=2, frequency=48000, lengthbytes=2470208, lengthpcm=9193760, pcmblocksize=0, loopstart=0, loopend=0, mode=0x00000000, channelmask=0x00000000, channelorder=0, peakvolume=0.707947.
[LOG] AsyncThread::threadFunc                  : Finished Asynchronous operation on sound 0000026CB32BC268
[LOG] SoundI::release                          : justin_macleod_Drone+pleasant+muted+major+chord+with+high+sheen+ (0000026CA03F6258)
[LOG] SoundI::release                          :     justin_macleod_Drone+pleasant+muted+major+chord+with+high+sheen+ (0000026CBB137628)
[LOG] SoundI::release                          :     justin_macleod_Drone+pleasant+muted+major+chord+with+high+sheen+ (0000026B8C443378)
[LOG] SoundI::release                          : 84111__benboncan__wind-on-door-short (0000026C6D0344D8)
[LOG] SoundI::release                          :     84111__benboncan__wind-on-door-short (0000026CBB134F28)
[LOG] SoundI::release                          :     84111__benboncan__wind-on-door-short (0000026C6D034688)
[LOG] AsyncThread::threadFunc                  : Starting Asynchronous operation on sound 0000026B8C443888
[LOG] AsyncThread::threadFunc                  : Finished Asynchronous operation on sound 0000026B8C443888
[LOG] SystemI::createSound                     : filename = Assets/StreamingAssets/Desktop/MasterFixed.bank : mode 02010082
[LOG] SystemI::createSound                     : FMOD_NONBLOCKING specified.  Putting into queue to be opened asynchronously!
[LOG] SystemI::createSound                     : setdata soundi = 0000026CA03F6C78 : node = 0000026B8D079CF0
[LOG] SystemI::createSound                     : add node to async list : head = 0000026B8BA95E78.  list count = 0
[LOG] AsyncThread::threadFunc                  : Starting Asynchronous operation on sound 0000026CA03F6C78
[LOG] SystemI::createSoundInternal             :     Create name='Assets/StreamingAssets/Desktop/MasterFixed.bank', mode=0x02010082
[LOG] SystemI::createSoundInternal             :     exinfo->cbsize             = 224
[LOG] SystemI::createSoundInternal             :     exinfo->length             = 9862720
[LOG] SystemI::createSoundInternal             :     exinfo->fileoffset         = 35392
[LOG] SystemI::createSoundInternal             :     exinfo->numsubsounds       = 1
[LOG] SystemI::createSoundInternal             :     exinfo->inclusionlist      = 0000026B8D079E00
[LOG] SystemI::createSoundInternal             :     exinfo->inclusionlistnum   = 1
[LOG] SystemI::createSoundInternal             :     exinfo->suggestedsoundtype = 5
[LOG] SystemI::createSoundInternal             :     exinfo->initialseekposition = 3000
[LOG] SystemI::createSoundInternal             :     exinfo->initialseekpostype = 1
[LOG] SystemI::createSoundInternal             :     Stream 0/1: name='84111__benboncan__wind-on-door-short', format=5, channels=2, frequency=48000, lengthbytes=2470208, lengthpcm=9193760, pcmblocksize=0, loopstart=0, loopend=0, mode=0x00000000, channelmask=0x00000000, channelorder=0, peakvolume=0.707947.
[LOG] AsyncThread::threadFunc                  : Finished Asynchronous operation on sound 0000026CA03F6C78
[LOG] Manager::readBank                        : fileversion = 135, compatVersion = 132 (oldest = 44, newest = 135)
[LOG] SoundI::release                          : 84111__benboncan__wind-on-door-short (0000026CB32BC268)
[LOG] SoundI::release                          :     84111__benboncan__wind-on-door-short (0000026CBB13AF08)
[LOG] SoundI::release                          :     84111__benboncan__wind-on-door-short (00000269E2D4C2F8)
[LOG] SystemI::createSound                     : filename = Assets/StreamingAssets/Desktop/MasterFixed.bank : mode 02010082
[LOG] SystemI::createSound                     : FMOD_NONBLOCKING specified.  Putting into queue to be opened asynchronously!
[LOG] SystemI::createSound                     : setdata soundi = 0000026C6D034328 : node = 0000026B8D077DB0
[LOG] SystemI::createSound                     : add node to async list : head = 0000026B8BA95E78.  list count = 0
[LOG] AsyncThread::threadFunc                  : Starting Asynchronous operation on sound 0000026C6D034328
[LOG] SystemI::createSoundInternal             :     Create name='Assets/StreamingAssets/Desktop/MasterFixed.bank', mode=0x02010082
[LOG] SystemI::createSoundInternal             :     exinfo->cbsize             = 224
[LOG] SystemI::createSoundInternal             :     exinfo->length             = 9862720
[LOG] SystemI::createSoundInternal             :     exinfo->fileoffset         = 35392
[LOG] SystemI::createSoundInternal             :     exinfo->numsubsounds       = 1
[LOG] SystemI::createSoundInternal             :     exinfo->inclusionlist      = 0000026B8D077EC0
[LOG] SystemI::createSoundInternal             :     exinfo->inclusionlistnum   = 1
[LOG] SystemI::createSoundInternal             :     exinfo->suggestedsoundtype = 5
[LOG] SystemI::createSoundInternal             :     exinfo->initialseekposition = 3000
[LOG] SystemI::createSoundInternal             :     exinfo->initialseekpostype = 1
[LOG] SystemI::createSoundInternal             :     Stream 0/1: name='84111__benboncan__wind-on-door-short', format=5, channels=2, frequency=48000, lengthbytes=2470208, lengthpcm=9193760, pcmblocksize=0, loopstart=0, loopend=0, mode=0x00000000, channelmask=0x00000000, channelorder=0, peakvolume=0.707947.
[LOG] AsyncThread::threadFunc                  : Finished Asynchronous operation on sound 0000026C6D034328
[LOG] SoundI::release                          : 84111__benboncan__wind-on-door-short (0000026CA03F6C78)
[LOG] SoundI::release                          :     84111__benboncan__wind-on-door-short (0000026C76521A28)
[LOG] SoundI::release                          :     84111__benboncan__wind-on-door-short (0000026CAE9C7D98)
[LOG] SystemI::createSound                     : filename = Assets/StreamingAssets/Desktop/MasterFixed.bank : mode 02010082
[LOG] SystemI::createSound                     : FMOD_NONBLOCKING specified.  Putting into queue to be opened asynchronously!
[LOG] SystemI::createSound                     : setdata soundi = 0000026CA000EC18 : node = 0000026B8D077EF0
[LOG] SystemI::createSound                     : add node to async list : head = 0000026B8BA95E78.  list count = 0
[LOG] AsyncThread::threadFunc                  : Starting Asynchronous operation on sound 0000026CA000EC18
[LOG] SystemI::createSoundInternal             :     Create name='Assets/StreamingAssets/Desktop/MasterFixed.bank', mode=0x02010082
[LOG] SystemI::createSoundInternal             :     exinfo->cbsize             = 224
[LOG] SystemI::createSoundInternal             :     exinfo->length             = 9862720
[LOG] SystemI::createSoundInternal             :     exinfo->fileoffset         = 35392
[LOG] SystemI::createSoundInternal             :     exinfo->numsubsounds       = 1
[LOG] SystemI::createSoundInternal             :     exinfo->inclusionlist      = 0000026B8D078000
[LOG] SystemI::createSoundInternal             :     exinfo->inclusionlistnum   = 1
[LOG] SystemI::createSoundInternal             :     exinfo->suggestedsoundtype = 5
[LOG] SystemI::createSoundInternal             :     exinfo->initialseekposition = 299
[LOG] SystemI::createSoundInternal             :     exinfo->initialseekpostype = 1
[LOG] SystemI::createSoundInternal             :     Stream 0/1: name='PM_DSSP_Rotor_Engine_Designed_Futuristic_Scifi_40_516', format=5, channels=2, frequency=48000, lengthbytes=244800, lengthpcm=914688, pcmblocksize=0, loopstart=0, loopend=0, mode=0x00000000, channelmask=0x00000000, channelorder=0, peakvolume=0.676605.
[LOG] AsyncThread::threadFunc                  : Finished Asynchronous operation on sound 0000026CA000EC18
[LOG] SoundI::release                          : PM_DSSP_Rotor_Engine_Designed_Futuristic_Scifi_40_516 (0000026C6CDC8798)
[LOG] SoundI::release                          :     PM_DSSP_Rotor_Engine_Designed_Futuristic_Scifi_40_516 (0000026CBB1396A8)
[LOG] SoundI::release                          :     PM_DSSP_Rotor_Engine_Designed_Futuristic_Scifi_40_516 (0000026B8C443888)
[LOG] SystemI::createSound                     : filename = Assets/StreamingAssets/Desktop/MasterFixed.bank : mode 02010082
[LOG] SystemI::createSound                     : FMOD_NONBLOCKING specified.  Putting into queue to be opened asynchronously!
[LOG] SystemI::createSound                     : setdata soundi = 0000026CA0B04C78 : node = 0000026B8D0769B0
[LOG] SystemI::createSound                     : add node to async list : head = 0000026B8BA95E78.  list count = 0
[LOG] AsyncThread::threadFunc                  : Starting Asynchronous operation on sound 0000026CA0B04C78
[LOG] SystemI::createSoundInternal             :     Create name='Assets/StreamingAssets/Desktop/MasterFixed.bank', mode=0x02010082
[LOG] SystemI::createSoundInternal             :     exinfo->cbsize             = 224
[LOG] SystemI::createSoundInternal             :     exinfo->length             = 9862720
[LOG] SystemI::createSoundInternal             :     exinfo->fileoffset         = 35392
[LOG] SystemI::createSoundInternal             :     exinfo->numsubsounds       = 1
[LOG] SystemI::createSoundInternal             :     exinfo->inclusionlist      = 0000026B8D076AC0
[LOG] SystemI::createSoundInternal             :     exinfo->inclusionlistnum   = 1
[LOG] SystemI::createSoundInternal             :     exinfo->suggestedsoundtype = 5
[LOG] SystemI::createSoundInternal             :     exinfo->initialseekpostype = 1
[LOG] SystemI::createSoundInternal             :     Stream 0/1: name='soundscape', format=5, channels=2, frequency=48000, lengthbytes=3802656, lengthpcm=12400128, pcmblocksize=0, loopstart=0, loopend=0, mode=0x00000000, channelmask=0x00000000, channelorder=0, peakvolume=0.704498.
[LOG] AsyncThread::threadFunc                  : Finished Asynchronous operation on sound 0000026CA0B04C78
[LOG] AsyncThread::threadFunc                  : Starting Asynchronous operation on sound 00000269E2D4AD08
[LOG] AsyncThread::threadFunc                  : Finished Asynchronous operation on sound 00000269E2D4AD08
[LOG] SystemI::createSound                     : filename = Assets/StreamingAssets/Desktop/MasterFixed.bank : mode 02010082
[LOG] SystemI::createSound                     : FMOD_NONBLOCKING specified.  Putting into queue to be opened asynchronously!
[LOG] SystemI::createSound                     : setdata soundi = 0000026C6D033E18 : node = 0000026B8D0765F0
[LOG] SystemI::createSound                     : add node to async list : head = 0000026B8BA95E78.  list count = 0
[LOG] AsyncThread::threadFunc                  : Starting Asynchronous operation on sound 0000026C6D033E18
[LOG] SystemI::createSoundInternal             :     Create name='Assets/StreamingAssets/Desktop/MasterFixed.bank', mode=0x02010082
[LOG] SystemI::createSoundInternal             :     exinfo->cbsize             = 224
[LOG] SystemI::createSoundInternal             :     exinfo->length             = 9862720
[LOG] SystemI::createSoundInternal             :     exinfo->fileoffset         = 35392
[LOG] SystemI::createSoundInternal             :     exinfo->numsubsounds       = 1
[LOG] SystemI::createSoundInternal             :     exinfo->inclusionlist      = 0000026B8D076700
[LOG] SystemI::createSoundInternal             :     exinfo->inclusionlistnum   = 1
[LOG] SystemI::createSoundInternal             :     exinfo->suggestedsoundtype = 5
[LOG] SystemI::createSoundInternal             :     exinfo->initialseekposition = 3000
[LOG] SystemI::createSoundInternal             :     exinfo->initialseekpostype = 1
[LOG] SystemI::createSoundInternal             :     Stream 0/1: name='84111__benboncan__wind-on-door-short', format=5, channels=2, frequency=48000, lengthbytes=2470208, lengthpcm=9193760, pcmblocksize=0, loopstart=0, loopend=0, mode=0x00000000, channelmask=0x00000000, channelorder=0, peakvolume=0.707947.
[LOG] AsyncThread::threadFunc                  : Finished Asynchronous operation on sound 0000026C6D033E18
[LOG] SoundI::release                          : justin_macleod_Drone+pleasant+muted+major+chord+with+high+sheen+ (0000026CA03F60A8)
[LOG] SoundI::release                          :     justin_macleod_Drone+pleasant+muted+major+chord+with+high+sheen+ (0000026CBB137968)
[LOG] SoundI::release                          :     justin_macleod_Drone+pleasant+muted+major+chord+with+high+sheen+ (00000269E2D49718)
[LOG] SoundI::release                          : 84111__benboncan__wind-on-door-short (0000026C6D034328)
[LOG] SoundI::release                          :     84111__benboncan__wind-on-door-short (0000026C76526688)
[LOG] SoundI::release                          :     84111__benboncan__wind-on-door-short (0000026C6D034688)
[LOG] Manager::readBank                        : fileversion = 135, compatVersion = 132 (oldest = 44, newest = 135)
[LOG] SystemI::createSound                     : filename = Assets/StreamingAssets/Desktop/MasterFixed.bank : mode 02010082
[LOG] SystemI::createSound                     : FMOD_NONBLOCKING specified.  Putting into queue to be opened asynchronously!
[LOG] SystemI::createSound                     : setdata soundi = 0000026CA000EDC8 : node = 0000026B8D0778B0
[LOG] SystemI::createSound                     : add node to async list : head = 0000026B8BA95E78.  list count = 0
[LOG] AsyncThread::threadFunc                  : Starting Asynchronous operation on sound 0000026CA000EDC8
[LOG] SystemI::createSoundInternal             :     Create name='Assets/StreamingAssets/Desktop/MasterFixed.bank', mode=0x02010082
[LOG] SystemI::createSoundInternal             :     exinfo->cbsize             = 224
[LOG] SystemI::createSoundInternal             :     exinfo->length             = 9862720
[LOG] SystemI::createSoundInternal             :     exinfo->fileoffset         = 35392
[LOG] SystemI::createSoundInternal             :     exinfo->numsubsounds       = 1
[LOG] SystemI::createSoundInternal             :     exinfo->inclusionlist      = 0000026B8D0779C0
[LOG] SystemI::createSoundInternal             :     exinfo->inclusionlistnum   = 1
[LOG] SystemI::createSoundInternal             :     exinfo->suggestedsoundtype = 5
[LOG] SystemI::createSoundInternal             :     exinfo->initialseekposition = 3000
[LOG] SystemI::createSoundInternal             :     exinfo->initialseekpostype = 1
[LOG] SystemI::createSoundInternal             :     Stream 0/1: name='84111__benboncan__wind-on-door-short', format=5, channels=2, frequency=48000, lengthbytes=2470208, lengthpcm=9193760, pcmblocksize=0, loopstart=0, loopend=0, mode=0x00000000, channelmask=0x00000000, channelorder=0, peakvolume=0.707947.
[LOG] AsyncThread::threadFunc                  : Finished Asynchronous operation on sound 0000026CA000EDC8
[LOG] SoundI::release                          : 84111__benboncan__wind-on-door-short (0000026C6D033E18)
[LOG] SoundI::release                          :     84111__benboncan__wind-on-door-short (0000026C76521F08)
[LOG] SoundI::release                          :     84111__benboncan__wind-on-door-short (0000026CAE9C4CA8)
[LOG] SystemI::createSound                     : filename = Assets/StreamingAssets/Desktop/MasterFixed.bank : mode 02010082
[LOG] SystemI::createSound                     : FMOD_NONBLOCKING specified.  Putting into queue to be opened asynchronously!
[LOG] SystemI::createSound                     : setdata soundi = 0000026C6D0344D8 : node = 0000026B8D07A330
[LOG] SystemI::createSound                     : add node to async list : head = 0000026B8BA95E78.  list count = 0
[LOG] AsyncThread::threadFunc                  : Starting Asynchronous operation on sound 0000026C6D0344D8
[LOG] SystemI::createSoundInternal             :     Create name='Assets/StreamingAssets/Desktop/MasterFixed.bank', mode=0x02010082
[LOG] SystemI::createSoundInternal             :     exinfo->cbsize             = 224
[LOG] SystemI::createSoundInternal             :     exinfo->length             = 9862720
[LOG] SystemI::createSoundInternal             :     exinfo->fileoffset         = 35392
[LOG] SystemI::createSoundInternal             :     exinfo->numsubsounds       = 1
[LOG] SystemI::createSoundInternal             :     exinfo->inclusionlist      = 0000026B8D07A440
[LOG] SystemI::createSoundInternal             :     exinfo->inclusionlistnum   = 1
[LOG] SystemI::createSoundInternal             :     exinfo->suggestedsoundtype = 5
[LOG] SystemI::createSoundInternal             :     exinfo->initialseekposition = 3000
[LOG] SystemI::createSoundInternal             :     exinfo->initialseekpostype = 1
[LOG] SystemI::createSoundInternal             :     Stream 0/1: name='84111__benboncan__wind-on-door-short', format=5, channels=2, frequency=48000, lengthbytes=2470208, lengthpcm=9193760, pcmblocksize=0, loopstart=0, loopend=0, mode=0x00000000, channelmask=0x00000000, channelorder=0, peakvolume=0.707947.
[LOG] AsyncThread::threadFunc                  : Finished Asynchronous operation on sound 0000026C6D0344D8
[LOG] SoundI::release                          : 84111__benboncan__wind-on-door-short (0000026CA000EDC8)
[LOG] SoundI::release                          :     84111__benboncan__wind-on-door-short (0000026C765264E8)
[LOG] SoundI::release                          :     84111__benboncan__wind-on-door-short (0000026CAE9C2AE8)
[LOG] Manager::readBank                        : fileversion = 135, compatVersion = 132 (oldest = 44, newest = 135)
[LOG] SystemI::createSound                     : filename = Assets/StreamingAssets/Desktop/MasterFixed.bank : mode 02010082
[LOG] SystemI::createSound                     : FMOD_NONBLOCKING specified.  Putting into queue to be opened asynchronously!
[LOG] SystemI::createSound                     : setdata soundi = 0000026CB0435998 : node = 0000026B8D078030
[LOG] SystemI::createSound                     : add node to async list : head = 0000026B8BA95E78.  list count = 0
[LOG] SystemI::createSound                     : filename = Assets/StreamingAssets/Desktop/MasterFixed.bank : mode 02010082
[LOG] SystemI::createSound                     : FMOD_NONBLOCKING specified.  Putting into queue to be opened asynchronously!
[LOG] AsyncThread::threadFunc                  : Starting Asynchronous operation on sound 0000026CB0435998
[LOG] SystemI::createSound                     : setdata soundi = 0000026CA000EDC8 : node = 0000026B8D0783F0
[LOG] SystemI::createSound                     :     add node to async list : head = 0000026B8BA95E78.  list count = 0
[LOG] SystemI::createSoundInternal             :     Create name='Assets/StreamingAssets/Desktop/MasterFixed.bank', mode=0x02010082
[LOG] SystemI::createSoundInternal             :     exinfo->cbsize             = 224
[LOG] SystemI::createSoundInternal             :     exinfo->length             = 9862720
[LOG] SystemI::createSoundInternal             :     exinfo->fileoffset         = 35392
[LOG] SystemI::createSoundInternal             :     exinfo->numsubsounds       = 1
[LOG] SystemI::createSoundInternal             :     exinfo->inclusionlist      = 0000026B8D078140
[LOG] SystemI::createSoundInternal             :     exinfo->inclusionlistnum   = 1
[LOG] SystemI::createSoundInternal             :     exinfo->suggestedsoundtype = 5
[LOG] SystemI::createSoundInternal             :     exinfo->initialseekposition = 7000
[LOG] SystemI::createSoundInternal             :     exinfo->initialseekpostype = 1
[LOG] SystemI::createSoundInternal             :     Stream 0/1: name='Air_Tone_S_2D', format=5, channels=2, frequency=48000, lengthbytes=1369472, lengthpcm=4883853, pcmblocksize=0, loopstart=0, loopend=0, mode=0x00000000, channelmask=0x00000000, channelorder=0, peakvolume=0.080658.
[LOG] AsyncThread::threadFunc                  : Finished Asynchronous operation on sound 0000026CB0435998
[LOG] AsyncThread::threadFunc                  : Starting Asynchronous operation on sound 0000026CA000EDC8
[LOG] SystemI::createSoundInternal             :     Create name='Assets/StreamingAssets/Desktop/MasterFixed.bank', mode=0x02010082
[LOG] SystemI::createSoundInternal             :     exinfo->cbsize             = 224
[LOG] SystemI::createSoundInternal             :     exinfo->length             = 9862720
[LOG] SystemI::createSoundInternal             :     exinfo->fileoffset         = 35392
[LOG] SystemI::createSoundInternal             :     exinfo->numsubsounds       = 1
[LOG] SystemI::createSoundInternal             :     exinfo->inclusionlist      = 0000026B8D078500
[LOG] SystemI::createSoundInternal             :     exinfo->inclusionlistnum   = 1
[LOG] SystemI::createSoundInternal             :     exinfo->suggestedsoundtype = 5
[LOG] SystemI::createSoundInternal             :     exinfo->initialseekposition = 7000
[LOG] SystemI::createSoundInternal             :     exinfo->initialseekpostype = 1
[LOG] SystemI::createSoundInternal             :     Stream 0/1: name='Air_Tone_S_2D', format=5, channels=2, frequency=48000, lengthbytes=1369472, lengthpcm=4883853, pcmblocksize=0, loopstart=0, loopend=0, mode=0x00000000, channelmask=0x00000000, channelorder=0, peakvolume=0.080658.
[LOG] AsyncThread::threadFunc                  : Finished Asynchronous operation on sound 0000026CA000EDC8
[LOG] SoundI::release                          : Air_Tone_S_2D (0000026C6D034B98)
[LOG] SoundI::release                          :     Air_Tone_S_2D (0000026CBB137488)
[LOG] SoundI::release                          :     Air_Tone_S_2D (0000026B8C4440F8)
[LOG] SoundI::release                          : Air_Tone_S_2D (0000026C9FEF10A8)
[LOG] SoundI::release                          :     Air_Tone_S_2D (0000026CBB1365E8)
[LOG] SoundI::release                          :     Air_Tone_S_2D (0000026B8C443F48)
[LOG] SoundI::release                          : soundscape (0000026CA0B04C78)
[LOG] SoundI::release                          :     soundscape (0000026C76524E28)
[LOG] SoundI::release                          :     soundscape (00000269E2D4AD08)
[LOG] SystemI::createSound                     : filename = Assets/StreamingAssets/Desktop/MasterFixed.bank : mode 02010082
[LOG] SystemI::createSound                     : FMOD_NONBLOCKING specified.  Putting into queue to be opened asynchronously!
[LOG] SystemI::createSound                     : setdata soundi = 0000026C6D033FC8 : node = 0000026B8D079070
[LOG] SystemI::createSound                     : add node to async list : head = 0000026B8BA95E78.  list count = 0
[LOG] AsyncThread::threadFunc                  : Starting Asynchronous operation on sound 0000026C6D033FC8
[LOG] SystemI::createSoundInternal             :     Create name='Assets/StreamingAssets/Desktop/MasterFixed.bank', mode=0x02010082
[LOG] SystemI::createSoundInternal             :     exinfo->cbsize             = 224
[LOG] SystemI::createSoundInternal             :     exinfo->length             = 9862720
[LOG] SystemI::createSoundInternal             :     exinfo->fileoffset         = 35392
[LOG] SystemI::createSoundInternal             :     exinfo->numsubsounds       = 1
[LOG] SystemI::createSoundInternal             :     exinfo->inclusionlist      = 0000026B8D079180
[LOG] SystemI::createSoundInternal             :     exinfo->inclusionlistnum   = 1
[LOG] SystemI::createSoundInternal             :     exinfo->suggestedsoundtype = 5
[LOG] SystemI::createSoundInternal             :     exinfo->initialseekposition = 3000
[LOG] SystemI::createSoundInternal             :     exinfo->initialseekpostype = 1
[LOG] SystemI::createSoundInternal             :     Stream 0/1: name='84111__benboncan__wind-on-door-short', format=5, channels=2, frequency=48000, lengthbytes=2470208, lengthpcm=9193760, pcmblocksize=0, loopstart=0, loopend=0, mode=0x00000000, channelmask=0x00000000, channelorder=0, peakvolume=0.707947.
[LOG] AsyncThread::threadFunc                  : Finished Asynchronous operation on sound 0000026C6D033FC8
[LOG] AsyncThread::threadFunc                  : Starting Asynchronous operation on sound 0000026B8C443A38
[LOG] AsyncThread::threadFunc                  : Finished Asynchronous operation on sound 0000026B8C443A38
[LOG] SoundI::release                          : 84111__benboncan__wind-on-door-short (0000026C6D0344D8)
[LOG] SoundI::release                          :     84111__benboncan__wind-on-door-short (0000026C76523768)
[LOG] SoundI::release                          :     84111__benboncan__wind-on-door-short (0000026C6D034688)
[LOG] SystemI::createSound                     : filename = Assets/StreamingAssets/Desktop/MasterFixed.bank : mode 02010082
[LOG] SystemI::createSound                     : FMOD_NONBLOCKING specified.  Putting into queue to be opened asynchronously!
[LOG] SystemI::createSound                     : setdata soundi = 0000026CA03F6C78 : node = 0000026B8D0787B0
[LOG] SystemI::createSound                     : add node to async list : head = 0000026B8BA95E78.  list count = 0
[LOG] AsyncThread::threadFunc                  : Starting Asynchronous operation on sound 0000026CA03F6C78
[LOG] SystemI::createSoundInternal             :     Create name='Assets/StreamingAssets/Desktop/MasterFixed.bank', mode=0x02010082
[LOG] SystemI::createSoundInternal             :     exinfo->cbsize             = 224
[LOG] SystemI::createSoundInternal             :     exinfo->length             = 9862720
[LOG] SystemI::createSoundInternal             :     exinfo->fileoffset         = 35392
[LOG] SystemI::createSoundInternal             :     exinfo->numsubsounds       = 1
[LOG] SystemI::createSoundInternal             :     exinfo->inclusionlist      = 0000026B8D0788C0
[LOG] SystemI::createSoundInternal             :     exinfo->inclusionlistnum   = 1
[LOG] SystemI::createSoundInternal             :     exinfo->suggestedsoundtype = 5
[LOG] SystemI::createSoundInternal             :     exinfo->initialseekposition = 3000
[LOG] SystemI::createSoundInternal             :     exinfo->initialseekpostype = 1
[LOG] SystemI::createSoundInternal             :     Stream 0/1: name='84111__benboncan__wind-on-door-short', format=5, channels=2, frequency=48000, lengthbytes=2470208, lengthpcm=9193760, pcmblocksize=0, loopstart=0, loopend=0, mode=0x00000000, channelmask=0x00000000, channelorder=0, peakvolume=0.707947.
[LOG] AsyncThread::threadFunc                  : Finished Asynchronous operation on sound 0000026CA03F6C78
[LOG] SoundI::release                          : 84111__benboncan__wind-on-door-short (0000026C6D033FC8)
[LOG] SoundI::release                          :     84111__benboncan__wind-on-door-short (0000026C76521F08)
[LOG] SoundI::release                          :     84111__benboncan__wind-on-door-short (0000026C410B7BC8)
[LOG] SystemI::createSound                     : filename = Assets/StreamingAssets/Desktop/MasterFixed.bank : mode 02010082
[LOG] SystemI::createSound                     : FMOD_NONBLOCKING specified.  Putting into queue to be opened asynchronously!
[LOG] SystemI::createSound                     : setdata soundi = 0000026C410B7BC8 : node = 0000026B8D079070
[LOG] SystemI::createSound                     : add node to async list : head = 0000026B8BA95E78.  list count = 0
[LOG] AsyncThread::threadFunc                  : Starting Asynchronous operation on sound 0000026C410B7BC8
[LOG] SystemI::createSoundInternal             :     Create name='Assets/StreamingAssets/Desktop/MasterFixed.bank', mode=0x02010082
[LOG] SystemI::createSoundInternal             :     exinfo->cbsize             = 224
[LOG] SystemI::createSoundInternal             :     exinfo->length             = 9862720
[LOG] SystemI::createSoundInternal             :     exinfo->fileoffset         = 35392
[LOG] SystemI::createSoundInternal             :     exinfo->numsubsounds       = 1
[LOG] SystemI::createSoundInternal             :     exinfo->inclusionlist      = 0000026B8D079180
[LOG] SystemI::createSoundInternal             :     exinfo->inclusionlistnum   = 1
[LOG] SystemI::createSoundInternal             :     exinfo->suggestedsoundtype = 5
[LOG] SystemI::createSoundInternal             :     exinfo->initialseekpostype = 1
[LOG] SystemI::createSoundInternal             :     Stream 0/1: name='NotGrounded_AirTone', format=5, channels=2, frequency=48000, lengthbytes=324000, lengthpcm=1281462, pcmblocksize=0, loopstart=0, loopend=0, mode=0x00000000, channelmask=0x00000000, channelorder=0, peakvolume=0.089996.
[LOG] AsyncThread::threadFunc                  : Finished Asynchronous operation on sound 0000026C410B7BC8
[LOG] Manager::readBank                        : fileversion = 135, compatVersion = 132 (oldest = 44, newest = 135)
[LOG] SystemI::createSound                     : filename = Assets/StreamingAssets/Desktop/MasterFixed.bank : mode 02010082
[LOG] SystemI::createSound                     : FMOD_NONBLOCKING specified.  Putting into queue to be opened asynchronously!
[LOG] SystemI::createSound                     : setdata soundi = 0000026CB32BC268 : node = 0000026B8D077DB0
[LOG] SystemI::createSound                     : add node to async list : head = 0000026B8BA95E78.  list count = 0
[LOG] AsyncThread::threadFunc                  : Starting Asynchronous operation on sound 0000026CB32BC268
[LOG] SystemI::createSoundInternal             :     Create name='Assets/StreamingAssets/Desktop/MasterFixed.bank', mode=0x02010082
[LOG] SystemI::createSoundInternal             :     exinfo->cbsize             = 224
[LOG] SystemI::createSoundInternal             :     exinfo->length             = 9862720
[LOG] SystemI::createSoundInternal             :     exinfo->fileoffset         = 35392
[LOG] SystemI::createSoundInternal             :     exinfo->numsubsounds       = 1
[LOG] SystemI::createSoundInternal             :     exinfo->inclusionlist      = 0000026B8D077EC0
[LOG] SystemI::createSoundInternal             :     exinfo->inclusionlistnum   = 1
[LOG] SystemI::createSoundInternal             :     exinfo->suggestedsoundtype = 5
[LOG] SystemI::createSoundInternal             :     exinfo->initialseekposition = 3000
[LOG] SystemI::createSoundInternal             :     exinfo->initialseekpostype = 1
[LOG] SystemI::createSoundInternal             :     Stream 0/1: name='84111__benboncan__wind-on-door-short', format=5, channels=2, frequency=48000, lengthbytes=2470208, lengthpcm=9193760, pcmblocksize=0, loopstart=0, loopend=0, mode=0x00000000, channelmask=0x00000000, channelorder=0, peakvolume=0.707947.
[LOG] AsyncThread::threadFunc                  : Finished Asynchronous operation on sound 0000026CB32BC268
[LOG] SoundI::release                          : 84111__benboncan__wind-on-door-short (0000026CA03F6C78)
[LOG] SoundI::release                          :     84111__benboncan__wind-on-door-short (0000026C76529A88)
[LOG] SoundI::release                          :     84111__benboncan__wind-on-door-short (0000026CAE9C2278)
[LOG] AsyncThread::threadFunc                  : Starting Asynchronous operation on sound 0000026CAE9C76D8
[LOG] AsyncThread::threadFunc                  : Finished Asynchronous operation on sound 0000026CAE9C76D8
[LOG] SystemI::createSound                     : filename = Assets/StreamingAssets/Desktop/MasterFixed.bank : mode 02010082
[LOG] SystemI::createSound                     : FMOD_NONBLOCKING specified.  Putting into queue to be opened asynchronously!
[LOG] SystemI::createSound                     : setdata soundi = 0000026B8C444608 : node = 0000026B8D0792F0
[LOG] SystemI::createSound                     : add node to async list : head = 0000026B8BA95E78.  list count = 0
[LOG] AsyncThread::threadFunc                  : Starting Asynchronous operation on sound 0000026B8C444608
[LOG] SystemI::createSoundInternal             :     Create name='Assets/StreamingAssets/Desktop/MasterFixed.bank', mode=0x02010082
[LOG] SystemI::createSoundInternal             :     exinfo->cbsize             = 224
[LOG] SystemI::createSoundInternal             :     exinfo->length             = 9862720
[LOG] SystemI::createSoundInternal             :     exinfo->fileoffset         = 35392
[LOG] SystemI::createSoundInternal             :     exinfo->numsubsounds       = 1
[LOG] SystemI::createSoundInternal             :     exinfo->inclusionlist      = 0000026B8D079400
[LOG] SystemI::createSoundInternal             :     exinfo->inclusionlistnum   = 1
[LOG] SystemI::createSoundInternal             :     exinfo->suggestedsoundtype = 5
[LOG] SystemI::createSoundInternal             :     exinfo->initialseekposition = 3000
[LOG] SystemI::createSoundInternal             :     exinfo->initialseekpostype = 1
[LOG] SystemI::createSoundInternal             :     Stream 0/1: name='84111__benboncan__wind-on-door-short', format=5, channels=2, frequency=48000, lengthbytes=2470208, lengthpcm=9193760, pcmblocksize=0, loopstart=0, loopend=0, mode=0x00000000, channelmask=0x00000000, channelorder=0, peakvolume=0.707947.
[LOG] AsyncThread::threadFunc                  : Finished Asynchronous operation on sound 0000026B8C444608
[LOG] SoundI::release                          : 84111__benboncan__wind-on-door-short (0000026CB32BC268)
[LOG] SoundI::release                          :     84111__benboncan__wind-on-door-short (0000026C765295A8)
[LOG] SoundI::release                          :     84111__benboncan__wind-on-door-short (0000026CB32BC418)
[LOG] Manager::readBank                        : fileversion = 135, compatVersion = 132 (oldest = 44, newest = 135)
[LOG] SystemI::createSound                     : filename = Assets/StreamingAssets/Desktop/MasterFixed.bank : mode 02010082
[LOG] SystemI::createSound                     : FMOD_NONBLOCKING specified.  Putting into queue to be opened asynchronously!
[LOG] SystemI::createSound                     : setdata soundi = 0000026CA03F6AC8 : node = 0000026B8D079430
[LOG] SystemI::createSound                     : add node to async list : head = 0000026B8BA95E78.  list count = 0
[LOG] AsyncThread::threadFunc                  : Starting Asynchronous operation on sound 0000026CA03F6AC8
[LOG] SystemI::createSoundInternal             :     Create name='Assets/StreamingAssets/Desktop/MasterFixed.bank', mode=0x02010082
[LOG] SystemI::createSoundInternal             :     exinfo->cbsize             = 224
[LOG] SystemI::createSoundInternal             :     exinfo->length             = 9862720
[LOG] SystemI::createSoundInternal             :     exinfo->fileoffset         = 35392
[LOG] SystemI::createSoundInternal             :     exinfo->numsubsounds       = 1
[LOG] SystemI::createSoundInternal             :     exinfo->inclusionlist      = 0000026B8D079540
[LOG] SystemI::createSoundInternal             :     exinfo->inclusionlistnum   = 1
[LOG] SystemI::createSoundInternal             :     exinfo->suggestedsoundtype = 5
[LOG] SystemI::createSoundInternal             :     exinfo->initialseekposition = 3000
[LOG] SystemI::createSoundInternal             :     exinfo->initialseekpostype = 1
[LOG] SystemI::createSoundInternal             :     Stream 0/1: name='84111__benboncan__wind-on-door-short', format=5, channels=2, frequency=48000, lengthbytes=2470208, lengthpcm=9193760, pcmblocksize=0, loopstart=0, loopend=0, mode=0x00000000, channelmask=0x00000000, channelorder=0, peakvolume=0.707947.
[LOG] AsyncThread::threadFunc                  : Finished Asynchronous operation on sound 0000026CA03F6AC8
[LOG] SystemI::createSound                     : filename = Assets/StreamingAssets/Desktop/MasterFixed.bank : mode 02010082
[LOG] SystemI::createSound                     : FMOD_NONBLOCKING specified.  Putting into queue to be opened asynchronously!
[LOG] SystemI::createSound                     : setdata soundi = 0000026CA03F65B8 : node = 0000026B8D077270
[LOG] SystemI::createSound                     : add node to async list : head = 0000026B8BA95E78.  list count = 0
[LOG] AsyncThread::threadFunc                  : Starting Asynchronous operation on sound 0000026CA03F65B8
[LOG] SystemI::createSoundInternal             :     Create name='Assets/StreamingAssets/Desktop/MasterFixed.bank', mode=0x02010082
[LOG] SystemI::createSoundInternal             :     exinfo->cbsize             = 224
[LOG] SystemI::createSoundInternal             :     exinfo->length             = 9862720
[LOG] SystemI::createSoundInternal             :     exinfo->fileoffset         = 35392
[LOG] SystemI::createSoundInternal             :     exinfo->numsubsounds       = 1
[LOG] SystemI::createSoundInternal             :     exinfo->inclusionlist      = 0000026B8D077380
[LOG] SystemI::createSoundInternal             :     exinfo->inclusionlistnum   = 1
[LOG] SystemI::createSoundInternal             :     exinfo->suggestedsoundtype = 5
[LOG] SystemI::createSoundInternal             :     exinfo->initialseekposition = 299
[LOG] SystemI::createSoundInternal             :     exinfo->initialseekpostype = 1
[LOG] SystemI::createSoundInternal             :     Stream 0/1: name='PM_DSSP_Rotor_Engine_Designed_Futuristic_Scifi_40_516', format=5, channels=2, frequency=48000, lengthbytes=244800, lengthpcm=914688, pcmblocksize=0, loopstart=0, loopend=0, mode=0x00000000, channelmask=0x00000000, channelorder=0, peakvolume=0.676605.
[LOG] AsyncThread::threadFunc                  : Finished Asynchronous operation on sound 0000026CA03F65B8
[LOG] SoundI::release                          : 84111__benboncan__wind-on-door-short (0000026B8C444608)
[LOG] SoundI::release                          :     84111__benboncan__wind-on-door-short (0000026C7652AC68)
[LOG] SoundI::release                          :     84111__benboncan__wind-on-door-short (0000026B8C443BE8)
[LOG] SoundI::release                          : PM_DSSP_Rotor_Engine_Designed_Futuristic_Scifi_40_516 (0000026CA000EC18)
[LOG] SoundI::release                          :     PM_DSSP_Rotor_Engine_Designed_Futuristic_Scifi_40_516 (0000026C76527BA8)
[LOG] SoundI::release                          :     PM_DSSP_Rotor_Engine_Designed_Futuristic_Scifi_40_516 (0000026CAE9C76D8)
[LOG] SystemI::createSound                     : filename = Assets/StreamingAssets/Desktop/MasterFixed.bank : mode 02010082
[LOG] SystemI::createSound                     : FMOD_NONBLOCKING specified.  Putting into queue to be opened asynchronously!
[LOG] SystemI::createSound                     : setdata soundi = 0000026CA03F6258 : node = 0000026B8D0792F0
[LOG] SystemI::createSound                     : add node to async list : head = 0000026B8BA95E78.  list count = 0
[LOG] AsyncThread::threadFunc                  : Starting Asynchronous operation on sound 0000026CA03F6258
[LOG] SystemI::createSoundInternal             :     Create name='Assets/StreamingAssets/Desktop/MasterFixed.bank', mode=0x02010082
[LOG] SystemI::createSoundInternal             :     exinfo->cbsize             = 224
[LOG] SystemI::createSoundInternal             :     exinfo->length             = 9862720
[LOG] SystemI::createSoundInternal             :     exinfo->fileoffset         = 35392
[LOG] SystemI::createSoundInternal             :     exinfo->numsubsounds       = 1
[LOG] SystemI::createSoundInternal             :     exinfo->inclusionlist      = 0000026B8D079400
[LOG] SystemI::createSoundInternal             :     exinfo->inclusionlistnum   = 1
[LOG] SystemI::createSoundInternal             :     exinfo->suggestedsoundtype = 5
[LOG] SystemI::createSoundInternal             :     exinfo->initialseekposition = 8000
[LOG] SystemI::createSoundInternal             :     exinfo->initialseekpostype = 1
[LOG] SystemI::createSoundInternal             :     Stream 0/1: name='84111__benboncan__wind-on-door-short', format=5, channels=2, frequency=48000, lengthbytes=2470208, lengthpcm=9193760, pcmblocksize=0, loopstart=0, loopend=0, mode=0x00000000, channelmask=0x00000000, channelorder=0, peakvolume=0.707947.
[LOG] AsyncThread::threadFunc                  : Finished Asynchronous operation on sound 0000026CA03F6258
[LOG] SoundI::release                          : 84111__benboncan__wind-on-door-short (0000026C6D034178)
[LOG] SoundI::release                          :     84111__benboncan__wind-on-door-short (0000026CBB137CA8)
[LOG] SoundI::release                          :     84111__benboncan__wind-on-door-short (0000026B8C443A38)
[LOG] SystemI::createSound                     : filename = Assets/StreamingAssets/Desktop/MasterFixed.bank : mode 02010082
[LOG] SystemI::createSound                     : FMOD_NONBLOCKING specified.  Putting into queue to be opened asynchronously!
[LOG] SystemI::createSound                     : setdata soundi = 0000026C6D033FC8 : node = 0000026B8D079570
[LOG] SystemI::createSound                     : add node to async list : head = 0000026B8BA95E78.  list count = 0
[LOG] SystemI::createSound                     : filename = Assets/StreamingAssets/Desktop/MasterFixed.bank : mode 02010082
[LOG] SystemI::createSound                     : FMOD_NONBLOCKING specified.  Putting into queue to be opened asynchronously!
[LOG] SystemI::createSound                     : setdata soundi = 0000026C6D034688 : node = 0000026B8D079F70
[LOG] SystemI::createSound                     : add node to async list : head = 0000026B8BA95E78.  list count = 0
[LOG] AsyncThread::threadFunc                  : Starting Asynchronous operation on sound 0000026C6D033FC8
[LOG] SystemI::createSoundInternal             :     Create name='Assets/StreamingAssets/Desktop/MasterFixed.bank', mode=0x02010082
[LOG] SystemI::createSoundInternal             :     exinfo->cbsize             = 224
[LOG] SystemI::createSoundInternal             :     exinfo->length             = 9862720
[LOG] SystemI::createSoundInternal             :     exinfo->fileoffset         = 35392
[LOG] SystemI::createSoundInternal             :     exinfo->numsubsounds       = 1
[LOG] SystemI::createSoundInternal             :     exinfo->inclusionlist      = 0000026B8D079680
[LOG] SystemI::createSoundInternal             :     exinfo->inclusionlistnum   = 1
[LOG] SystemI::createSoundInternal             :     exinfo->suggestedsoundtype = 5
[LOG] SystemI::createSoundInternal             :     exinfo->initialseekpostype = 1
[LOG] SystemI::createSoundInternal             :     Stream 0/1: name='Flags_Wind', format=5, channels=1, frequency=48000, lengthbytes=211968, lengthpcm=1281462, pcmblocksize=0, loopstart=0, loopend=0, mode=0x00000000, channelmask=0x00000000, channelorder=0, peakvolume=0.702972.
[LOG] AsyncThread::threadFunc                  : Finished Asynchronous operation on sound 0000026C6D033FC8
[LOG] AsyncThread::threadFunc                  : Starting Asynchronous operation on sound 0000026C6D034688
[LOG] SystemI::createSoundInternal             :     Create name='Assets/StreamingAssets/Desktop/MasterFixed.bank', mode=0x02010082
[LOG] SystemI::createSoundInternal             :     exinfo->cbsize             = 224
[LOG] SystemI::createSoundInternal             :     exinfo->length             = 9862720
[LOG] SystemI::createSoundInternal             :     exinfo->fileoffset         = 35392
[LOG] SystemI::createSoundInternal             :     exinfo->numsubsounds       = 1
[LOG] SystemI::createSoundInternal             :     exinfo->inclusionlist      = 0000026B8D07A080
[LOG] SystemI::createSoundInternal             :     exinfo->inclusionlistnum   = 1
[LOG] SystemI::createSoundInternal             :     exinfo->suggestedsoundtype = 5
[LOG] SystemI::createSoundInternal             :     exinfo->initialseekpostype = 1
[LOG] SystemI::createSoundInternal             :     Stream 0/1: name='Glide_SFX', format=5, channels=2, frequency=48000, lengthbytes=321888, lengthpcm=1281462, pcmblocksize=0, loopstart=0, loopend=0, mode=0x00000000, channelmask=0x00000000, channelorder=0, peakvolume=0.170227.
[LOG] AsyncThread::threadFunc                  : Finished Asynchronous operation on sound 0000026C6D034688
[LOG] SystemI::createSound                     : filename = Assets/StreamingAssets/Desktop/MasterFixed.bank : mode 02010082
[LOG] SystemI::createSound                     : FMOD_NONBLOCKING specified.  Putting into queue to be opened asynchronously!
[LOG] SystemI::createSound                     : setdata soundi = 0000026C6D034328 : node = 0000026B8D077DB0
[LOG] SystemI::createSound                     : add node to async list : head = 0000026B8BA95E78.  list count = 0
[LOG] AsyncThread::threadFunc                  : Starting Asynchronous operation on sound 0000026C6D034328
[LOG] SystemI::createSoundInternal             :     Create name='Assets/StreamingAssets/Desktop/MasterFixed.bank', mode=0x02010082
[LOG] SystemI::createSoundInternal             :     exinfo->cbsize             = 224
[LOG] SystemI::createSoundInternal             :     exinfo->length             = 9862720
[LOG] SystemI::createSoundInternal             :     exinfo->fileoffset         = 35392
[LOG] SystemI::createSoundInternal             :     exinfo->numsubsounds       = 1
[LOG] SystemI::createSoundInternal             :     exinfo->inclusionlist      = 0000026B8D077EC0
[LOG] SystemI::createSoundInternal             :     exinfo->inclusionlistnum   = 1
[LOG] SystemI::createSoundInternal             :     exinfo->suggestedsoundtype = 5
[LOG] SystemI::createSoundInternal             :     exinfo->initialseekposition = 3000
[LOG] SystemI::createSoundInternal             :     exinfo->initialseekpostype = 1
[LOG] SystemI::createSoundInternal             :     Stream 0/1: name='84111__benboncan__wind-on-door-short', format=5, channels=2, frequency=48000, lengthbytes=2470208, lengthpcm=9193760, pcmblocksize=0, loopstart=0, loopend=0, mode=0x00000000, channelmask=0x00000000, channelorder=0, peakvolume=0.707947.
[LOG] AsyncThread::threadFunc                  : Finished Asynchronous operation on sound 0000026C6D034328
[LOG] SoundI::release                          : 84111__benboncan__wind-on-door-short (0000026CA03F6AC8)
[LOG] SoundI::release                          :     84111__benboncan__wind-on-door-short (0000026C765295A8)
[LOG] SoundI::release                          :     84111__benboncan__wind-on-door-short (0000026B8C443F48)
[LOG] Manager::readBank                        : fileversion = 135, compatVersion = 132 (oldest = 44, newest = 135)
[LOG] SystemI::createSound                     : filename = Assets/StreamingAssets/Desktop/MasterFixed.bank : mode 02010082
[LOG] SystemI::createSound                     : FMOD_NONBLOCKING specified.  Putting into queue to be opened asynchronously!
[LOG] SystemI::createSound                     : setdata soundi = 0000026B8B7F3BA8 : node = 0000026B8D0787B0
[LOG] SystemI::createSound                     : add node to async list : head = 0000026B8BA95E78.  list count = 0
[LOG] AsyncThread::threadFunc                  : Starting Asynchronous operation on sound 0000026B8B7F3BA8
[LOG] SystemI::createSoundInternal             :     Create name='Assets/StreamingAssets/Desktop/MasterFixed.bank', mode=0x02010082
[LOG] SystemI::createSoundInternal             :     exinfo->cbsize             = 224
[LOG] SystemI::createSoundInternal             :     exinfo->length             = 9862720
[LOG] SystemI::createSoundInternal             :     exinfo->fileoffset         = 35392
[LOG] SystemI::createSoundInternal             :     exinfo->numsubsounds       = 1
[LOG] SystemI::createSoundInternal             :     exinfo->inclusionlist      = 0000026B8D0788C0
[LOG] SystemI::createSoundInternal             :     exinfo->inclusionlistnum   = 1
[LOG] SystemI::createSoundInternal             :     exinfo->suggestedsoundtype = 5
[LOG] SystemI::createSoundInternal             :     exinfo->initialseekposition = 3000
[LOG] SystemI::createSoundInternal             :     exinfo->initialseekpostype = 1
[LOG] SystemI::createSoundInternal             :     Stream 0/1: name='84111__benboncan__wind-on-door-short', format=5, channels=2, frequency=48000, lengthbytes=2470208, lengthpcm=9193760, pcmblocksize=0, loopstart=0, loopend=0, mode=0x00000000, channelmask=0x00000000, channelorder=0, peakvolume=0.707947.
[LOG] AsyncThread::threadFunc                  : Finished Asynchronous operation on sound 0000026B8B7F3BA8
[LOG] SoundI::release                          : 84111__benboncan__wind-on-door-short (0000026C6D034328)
[LOG] SoundI::release                          :     84111__benboncan__wind-on-door-short (0000026C76529A88)
[LOG] SoundI::release                          :     84111__benboncan__wind-on-door-short (0000026B8C443528)
[LOG] SystemI::createSound                     : filename = Assets/StreamingAssets/Desktop/MasterFixed.bank : mode 02010082
[LOG] SystemI::createSound                     : FMOD_NONBLOCKING specified.  Putting into queue to be opened asynchronously!
[LOG] SystemI::createSound                     : setdata soundi = 0000026C6D034178 : node = 0000026B8D076730
[LOG] SystemI::createSound                     : add node to async list : head = 0000026B8BA95E78.  list count = 0
[LOG] AsyncThread::threadFunc                  : Starting Asynchronous operation on sound 0000026C6D034178
[LOG] SystemI::createSoundInternal             :     Create name='Assets/StreamingAssets/Desktop/MasterFixed.bank', mode=0x02010082
[LOG] SystemI::createSoundInternal             :     exinfo->cbsize             = 224
[LOG] SystemI::createSoundInternal             :     exinfo->length             = 9862720
[LOG] SystemI::createSoundInternal             :     exinfo->fileoffset         = 35392
[LOG] SystemI::createSoundInternal             :     exinfo->numsubsounds       = 1
[LOG] SystemI::createSoundInternal             :     exinfo->inclusionlist      = 0000026B8D076840
[LOG] SystemI::createSoundInternal             :     exinfo->inclusionlistnum   = 1
[LOG] SystemI::createSoundInternal             :     exinfo->suggestedsoundtype = 5
[LOG] SystemI::createSoundInternal             :     exinfo->initialseekposition = 3000
[LOG] SystemI::createSoundInternal             :     exinfo->initialseekpostype = 1
[LOG] SystemI::createSoundInternal             :     Stream 0/1: name='84111__benboncan__wind-on-door-short', format=5, channels=2, frequency=48000, lengthbytes=2470208, lengthpcm=9193760, pcmblocksize=0, loopstart=0, loopend=0, mode=0x00000000, channelmask=0x00000000, channelorder=0, peakvolume=0.707947.
[LOG] AsyncThread::threadFunc                  : Finished Asynchronous operation on sound 0000026C6D034178
[LOG] SoundI::release                          : NotGrounded_AirTone (0000026C410B7BC8)
[LOG] SoundI::release                          :     NotGrounded_AirTone (0000026C76521F08)
[LOG] SoundI::release                          :     NotGrounded_AirTone (0000026C6D51E988)
[LOG] SoundI::release                          : 84111__benboncan__wind-on-door-short (0000026B8B7F3BA8)
[LOG] SoundI::release                          :     84111__benboncan__wind-on-door-short (0000026C765295A8)
[LOG] SoundI::release                          :     84111__benboncan__wind-on-door-short (0000026B8C4431C8)
[LOG] SystemI::createSound                     : filename = Assets/StreamingAssets/Desktop/MasterFixed.bank : mode 02010082
[LOG] SystemI::createSound                     : FMOD_NONBLOCKING specified.  Putting into queue to be opened asynchronously!
[LOG] SystemI::createSound                     : setdata soundi = 0000026C6D0344D8 : node = 0000026B8D079CF0
[LOG] SystemI::createSound                     : add node to async list : head = 0000026B8BA95E78.  list count = 0
[LOG] SystemI::createSound                     : filename = Assets/StreamingAssets/Desktop/MasterFixed.bank : mode 02010082
[LOG] SystemI::createSound                     : FMOD_NONBLOCKING specified.  Putting into queue to be opened asynchronously!
[LOG] SystemI::createSound                     : setdata soundi = 0000026C6CDC8948 : node = 0000026B8D079070
[LOG] SystemI::createSound                     : add node to async list : head = 0000026B8BA95E78.  list count = 0
[LOG] AsyncThread::threadFunc                  : Starting Asynchronous operation on sound 0000026C6D0344D8
[LOG] SystemI::createSoundInternal             :     Create name='Assets/StreamingAssets/Desktop/MasterFixed.bank', mode=0x02010082
[LOG] SystemI::createSoundInternal             :     exinfo->cbsize             = 224
[LOG] SystemI::createSoundInternal             :     exinfo->length             = 9862720
[LOG] SystemI::createSoundInternal             :     exinfo->fileoffset         = 35392
[LOG] SystemI::createSoundInternal             :     exinfo->numsubsounds       = 1
[LOG] SystemI::createSoundInternal             :     exinfo->inclusionlist      = 0000026B8D079E00
[LOG] SystemI::createSoundInternal             :     exinfo->inclusionlistnum   = 1
[LOG] SystemI::createSoundInternal             :     exinfo->suggestedsoundtype = 5
[LOG] SystemI::createSoundInternal             :     exinfo->initialseekposition = 7000
[LOG] SystemI::createSoundInternal             :     exinfo->initialseekpostype = 1
[LOG] SystemI::createSoundInternal             :     Stream 0/1: name='Air_Tone_S_2D', format=5, channels=2, frequency=48000, lengthbytes=1369472, lengthpcm=4883853, pcmblocksize=0, loopstart=0, loopend=0, mode=0x00000000, channelmask=0x00000000, channelorder=0, peakvolume=0.080658.
[LOG] AsyncThread::threadFunc                  : Finished Asynchronous operation on sound 0000026C6D0344D8
[LOG] AsyncThread::threadFunc                  : Starting Asynchronous operation on sound 0000026C6CDC8948
[LOG] SystemI::createSoundInternal             :     Create name='Assets/StreamingAssets/Desktop/MasterFixed.bank', mode=0x02010082
[LOG] SystemI::createSoundInternal             :     exinfo->cbsize             = 224
[LOG] SystemI::createSoundInternal             :     exinfo->length             = 9862720
[LOG] SystemI::createSoundInternal             :     exinfo->fileoffset         = 35392
[LOG] SystemI::createSoundInternal             :     exinfo->numsubsounds       = 1
[LOG] SystemI::createSoundInternal             :     exinfo->inclusionlist      = 0000026B8D079180
[LOG] SystemI::createSoundInternal             :     exinfo->inclusionlistnum   = 1
[LOG] SystemI::createSoundInternal             :     exinfo->suggestedsoundtype = 5
[LOG] SystemI::createSoundInternal             :     exinfo->initialseekposition = 7000
[LOG] SystemI::createSoundInternal             :     exinfo->initialseekpostype = 1
[LOG] SystemI::createSoundInternal             :     Stream 0/1: name='Air_Tone_S_2D', format=5, channels=2, frequency=48000, lengthbytes=1369472, lengthpcm=4883853, pcmblocksize=0, loopstart=0, loopend=0, mode=0x00000000, channelmask=0x00000000, channelorder=0, peakvolume=0.080658.
[LOG] AsyncThread::threadFunc                  : Finished Asynchronous operation on sound 0000026C6CDC8948
[LOG] SoundI::release                          : Air_Tone_S_2D (0000026CA000EDC8)
[LOG] SoundI::release                          :     Air_Tone_S_2D (0000026C76521A28)
[LOG] SoundI::release                          :     Air_Tone_S_2D (0000026C6D51ECE8)
[LOG] SoundI::release                          : Air_Tone_S_2D (0000026CB0435998)
[LOG] SoundI::release                          :     Air_Tone_S_2D (0000026C76523F88)
[LOG] SoundI::release                          :     Air_Tone_S_2D (0000026C6D51F3A8)
[LOG] SoundI::release                          : Glide_SFX (0000026C6D034688)
[LOG] SoundI::release                          :     Glide_SFX (0000026C76529C28)
[LOG] SoundI::release                          :     Glide_SFX (0000026B8C444CC8)
[LOG] SoundI::release                          : Flags_Wind (0000026C6D033FC8)
[LOG] SoundI::release                          :     Flags_Wind (0000026C765298E8)
[LOG] SoundI::release                          :     Flags_Wind (0000026B8C443018)
[LOG] Manager::readBank                        : fileversion = 135, compatVersion = 132 (oldest = 44, newest = 135)
[LOG] SystemI::createSound                     : filename = Assets/StreamingAssets/Desktop/MasterFixed.bank : mode 02010082
[LOG] SystemI::createSound                     : FMOD_NONBLOCKING specified.  Putting into queue to be opened asynchronously!
[LOG] SystemI::createSound                     : setdata soundi = 0000026C6D034688 : node = 0000026B8D079430
[LOG] SystemI::createSound                     : add node to async list : head = 0000026B8BA95E78.  list count = 0
[LOG] AsyncThread::threadFunc                  : Starting Asynchronous operation on sound 0000026C6D034688
[LOG] SystemI::createSoundInternal             :     Create name='Assets/StreamingAssets/Desktop/MasterFixed.bank', mode=0x02010082
[LOG] SystemI::createSoundInternal             :     exinfo->cbsize             = 224
[LOG] SystemI::createSoundInternal             :     exinfo->length             = 9862720
[LOG] SystemI::createSoundInternal             :     exinfo->fileoffset         = 35392
[LOG] SystemI::createSoundInternal             :     exinfo->numsubsounds       = 1
[LOG] SystemI::createSoundInternal             :     exinfo->inclusionlist      = 0000026B8D079540
[LOG] SystemI::createSoundInternal             :     exinfo->inclusionlistnum   = 1
[LOG] SystemI::createSoundInternal             :     exinfo->suggestedsoundtype = 5
[LOG] SystemI::createSoundInternal             :     exinfo->initialseekposition = 3000
[LOG] SystemI::createSoundInternal             :     exinfo->initialseekpostype = 1
[LOG] SystemI::createSoundInternal             :     Stream 0/1: name='84111__benboncan__wind-on-door-short', format=5, channels=2, frequency=48000, lengthbytes=2470208, lengthpcm=9193760, pcmblocksize=0, loopstart=0, loopend=0, mode=0x00000000, channelmask=0x00000000, channelorder=0, peakvolume=0.707947.
[LOG] AsyncThread::threadFunc                  : Finished Asynchronous operation on sound 0000026C6D034688
[LOG] AsyncThread::threadFunc                  : Starting Asynchronous operation on sound 0000026B8C4440F8
[LOG] AsyncThread::threadFunc                  : Finished Asynchronous operation on sound 0000026B8C4440F8
[LOG] SoundI::release                          : 84111__benboncan__wind-on-door-short (0000026C6D034178)
[LOG] SoundI::release                          :     84111__benboncan__wind-on-door-short (0000026C7652A2A8)
[LOG] SoundI::release                          :     84111__benboncan__wind-on-door-short (0000026CA000F488)
[LOG] SystemI::createSound                     : filename = Assets/StreamingAssets/Desktop/MasterFixed.bank : mode 02010082
[LOG] SystemI::createSound                     : FMOD_NONBLOCKING specified.  Putting into queue to be opened asynchronously!
[LOG] SystemI::createSound                     : setdata soundi = 0000026C6D034838 : node = 0000026B8D079570
[LOG] SystemI::createSound                     : add node to async list : head = 0000026B8BA95E78.  list count = 0
[LOG] AsyncThread::threadFunc                  : Starting Asynchronous operation on sound 0000026C6D034838
[LOG] SystemI::createSoundInternal             :     Create name='Assets/StreamingAssets/Desktop/MasterFixed.bank', mode=0x02010082
[LOG] SystemI::createSoundInternal             :     exinfo->cbsize             = 224
[LOG] SystemI::createSoundInternal             :     exinfo->length             = 9862720
[LOG] SystemI::createSoundInternal             :     exinfo->fileoffset         = 35392
[LOG] SystemI::createSoundInternal             :     exinfo->numsubsounds       = 1
[LOG] SystemI::createSoundInternal             :     exinfo->inclusionlist      = 0000026B8D079680
[LOG] SystemI::createSoundInternal             :     exinfo->inclusionlistnum   = 1
[LOG] SystemI::createSoundInternal             :     exinfo->suggestedsoundtype = 5
[LOG] SystemI::createSoundInternal             :     exinfo->initialseekposition = 3000
[LOG] SystemI::createSoundInternal             :     exinfo->initialseekpostype = 1
[LOG] SystemI::createSoundInternal             :     Stream 0/1: name='84111__benboncan__wind-on-door-short', format=5, channels=2, frequency=48000, lengthbytes=2470208, lengthpcm=9193760, pcmblocksize=0, loopstart=0, loopend=0, mode=0x00000000, channelmask=0x00000000, channelorder=0, peakvolume=0.707947.
[LOG] AsyncThread::threadFunc                  : Finished Asynchronous operation on sound 0000026C6D034838
[LOG] SystemI::createSoundInternal             : Create name='', mode=0x02000202
[LOG] SystemI::createSoundInternal             : exinfo->cbsize             = 224
[LOG] SystemI::createSoundInternal             : exinfo->length             = 9862720
[LOG] SystemI::createSoundInternal             : exinfo->fileoffset         = 35392
[LOG] SystemI::createSoundInternal             : exinfo->numsubsounds       = 1
[LOG] SystemI::createSoundInternal             : exinfo->inclusionlist      = 000000F7E2EFF448
[LOG] SystemI::createSoundInternal             : exinfo->inclusionlistnum   = 1
[LOG] SystemI::createSoundInternal             : exinfo->suggestedsoundtype = 5
[LOG] SystemI::createSoundInternal             : exinfo->useropen           = 00007FFC84C77B10
[LOG] SystemI::createSoundInternal             : exinfo->userclose          = 00007FFC84C77AE0
[LOG] SystemI::createSoundInternal             : exinfo->userread           = 00007FFC84C77BE0
[LOG] SystemI::createSoundInternal             : exinfo->userseek           = 00007FFC84C77CA0
[LOG] SystemI::createSoundInternal             : exinfo->fileuserdata       = 0000026CBCD88C58
[LOG] SystemI::createSoundInternal             : exinfo->initialseekpostype = 1
[LOG] SystemI::DSPCodecPoolRegister            : register codec pool for pool type 5
[LOG] SystemI::createSoundInternal             : Sample 0/1: name='sfxK12', format=5, channels=2, frequency=48000, lengthbytes=22464, lengthpcm=96000, pcmblocksize=0, loopstart=0, loopend=0, mode=0x00000000, channelmask=0x00000000, channelorder=0, peakvolume=0.263489.
[LOG] SoundI::release                          : 84111__benboncan__wind-on-door-short (0000026C6D034688)
[LOG] SoundI::release                          :     84111__benboncan__wind-on-door-short (0000026C765295A8)
[LOG] SoundI::release                          :     84111__benboncan__wind-on-door-short (0000026B8C443378)
[LOG] SoundI::release                          :  (0000026C413D6658)
[LOG] SoundI::release                          :     HUGE AIR CLOUD WHOOSH - Magic Spell Dark Hot Smoke Throw    [003706] (0000026CBB1350C8)
[LOG] SoundI::release                          : 84111__benboncan__wind-on-door-short (0000026C6D034838)
[LOG] SoundI::release                          :     84111__benboncan__wind-on-door-short (0000026C765298E8)
[LOG] SoundI::release                          :     84111__benboncan__wind-on-door-short (0000026CB32BBF08)
[LOG] SoundI::release                          : 84111__benboncan__wind-on-door-short (0000026CA03F6258)
[LOG] SoundI::release                          :     84111__benboncan__wind-on-door-short (0000026C76527BA8)
[LOG] SoundI::release                          :     84111__benboncan__wind-on-door-short (0000026B8C443888)
[LOG] SoundI::release                          : PM_DSSP_Rotor_Engine_Designed_Futuristic_Scifi_40_516 (0000026CA03F65B8)
[LOG] SoundI::release                          :     PM_DSSP_Rotor_Engine_Designed_Futuristic_Scifi_40_516 (0000026C7652A5E8)
[LOG] SoundI::release                          :     PM_DSSP_Rotor_Engine_Designed_Futuristic_Scifi_40_516 (0000026B8C4440F8)
[LOG] SoundI::release                          : Air_Tone_S_2D (0000026C6CDC8948)
[LOG] SoundI::release                          :     Air_Tone_S_2D (0000026C76528088)
[LOG] SoundI::release                          :     Air_Tone_S_2D (0000026CAE9C2938)
[LOG] SoundI::release                          : Air_Tone_S_2D (0000026C6D0344D8)
[LOG] SoundI::release                          :     Air_Tone_S_2D (0000026C7652AE08)
[LOG] SoundI::release                          :     Air_Tone_S_2D (0000026CAE9C3F28)
[LOG] SoundI::release                          :  (0000026CB022C6D8)
[LOG] SoundI::release                          :     WIND MAGIC SPELL - Air Throw and Smoke Hit Sequence    [003801] (0000026CBB134088)
[LOG] SoundI::release                          :  (0000026CB022C568)
[LOG] SoundI::release                          :     467560__ryusa__mouseover (0000026CBB13A6E8)
[LOG] SoundI::release                          :  (0000026CB022C288)
[LOG] SoundI::release                          :     Random_Item_Grab_02 (0000026CBB134BE8)
[LOG] SoundI::release                          :  (0000026CB022CC98)
[LOG] SoundI::release                          :     BreezeActivation_SFX (0000026CBB136448)
[LOG] SoundI::release                          :  (0000026CB022C9B8)
[LOG] SoundI::release                          :     Gentle Magic Spell Movement Transition with Metallic Sparkle 02    [003678] (0000026CBB136788)
[LOG] SoundI::release                          :  (0000026CB022C848)
[LOG] SoundI::release                          :     ftus_industrial_lever_metal_pull_old_rusty_002_677 (0000026CBB1362A8)
[LOG] SoundI::release                          :  (0000026CB022C118)
[LOG] SoundI::release                          :     smartsound_IMPACT_BODY_FALL_Generic_Mid_Tumble_01 (0000026CBB136E08)
[LOG] SoundI::release                          :  (0000026C413D6AA8)
[LOG] SoundI::release                          :     sfxK12 (0000026C765283C8)
[LOG] Thread::callback                         : FMOD Studio update thread finished.
[LOG] Thread::callback                         : FMOD Studio bank load thread finished.
[LOG] Profile::disconnectAll                   : Profiler disconnecting all clients
[LOG] Thread::callback                         : FMOD Studio sample load thread finished.
[LOG] LiveUpdate::release                      : 
[LOG] LiveUpdate::reset                        : Reset connection (reason Disconnected)
[LOG] Thread::callback                         : FMOD stream thread finished.
[LOG] Thread::callback                         : FMOD mixer thread finished.
[LOG] Profile::disconnectAll                   : Profiler disconnecting all clients
[LOG] SystemI::close                           : Closed.
[LOG] Manager::readBank                        : fileversion = 135, compatVersion = 132 (oldest = 44, newest = 135)
[LOG] Manager::readBank                        : fileversion = 135, compatVersion = 132 (oldest = 44, newest = 135)
[LOG] Manager::readBank                        : fileversion = 135, compatVersion = 132 (oldest = 44, newest = 135)
[LOG] Manager::readBank                        : fileversion = 135, compatVersion = 132 (oldest = 44, newest = 135)
[LOG] Manager::readBank                        : fileversion = 135, compatVersion = 132 (oldest = 44, newest = 135)
[LOG] Manager::readBank                        : fileversion = 135, compatVersion = 132 (oldest = 44, newest = 135)
[LOG] PlaybackSystem::acquireMasterBus         : Setting master channel group format to 6
[LOG] Thread::callback                         : FMOD Studio bank load thread finished.
[LOG] Thread::callback                         : FMOD Studio sample load thread finished.
[LOG] LiveUpdate::release                      : 
[LOG] LiveUpdate::reset                        : Reset connection (reason Disconnected)
[LOG] Thread::callback                         : FMOD stream thread finished.
[LOG] Thread::callback                         : FMOD mixer thread finished.
[LOG] SystemI::close                           : Closed.
[LOG] Thread::callback                         : FMOD nonblocking thread (0) finished.
[LOG] Thread::callback                         : FMOD file thread finished.
